# JRE version: OpenJDK Runtime Environment (21.0.6) (build 21.0.6+-13368085-b895.109)
# Java VM: OpenJDK 64-Bit Server VM (21.0.6+-13368085-b895.109, mixed mode, tiered, compressed oops, compressed class ptrs, g1 gc, windows-amd64)
GC Precious Log:
 CardTable entry size: 512
 Card Set container configuration: InlinePtr #cards 4 size 8 Array Of Cards #cards 16 size 48 Howl #buckets 8 coarsen threshold 3686 Howl Bitmap #cards 512 size 80 coarsen threshold 460 Card regions per heap region 1 cards per card region 4096
 CPUs: 16 total, 16 available
 Memory: 16085M
 Large Page Support: Disabled
 NUMA Support: Disabled
 Compressed Oops: Enabled (Zero based)
 Heap Region Size: 2M
 Heap Min Capacity: 8M
 Heap Initial Capacity: 252M
 Heap Max Capacity: 4G
 Pre-touch: Disabled
 Parallel Workers: 13
 Concurrent Workers: 3
 Concurrent Refinement Workers: 13
 Periodic GC: Disabled
Heap:
 garbage-first heap   total 92160K, used 56350K [0x0000000700000000, 0x0000000800000000)
  region size 2048K, 11 young (22528K), 3 survivors (6144K)
 Metaspace       used 71699K, committed 73408K, reserved 1114112K
  class space    used 9898K, committed 10752K, reserved 1048576K
GC Heap History (20 events):
Event: 3.963 GC heap before
{Heap before GC invocations=6 (full 0):
 garbage-first heap   total 73728K, used 43624K [0x0000000700000000, 0x0000000800000000)
  region size 2048K, 14 young (28672K), 3 survivors (6144K)
 Metaspace       used 35146K, committed 36096K, reserved 1114112K
  class space    used 4756K, committed 5184K, reserved 1048576K
}
Event: 3.967 GC heap after
{Heap after GC invocations=7 (full 0):
 garbage-first heap   total 73728K, used 24252K [0x0000000700000000, 0x0000000800000000)
  region size 2048K, 2 young (4096K), 2 survivors (4096K)
 Metaspace       used 35146K, committed 36096K, reserved 1114112K
  class space    used 4756K, committed 5184K, reserved 1048576K
}
Event: 4.544 GC heap before
{Heap before GC invocations=8 (full 0):
 garbage-first heap   total 73728K, used 61116K [0x0000000700000000, 0x0000000800000000)
  region size 2048K, 20 young (40960K), 2 survivors (4096K)
 Metaspace       used 43055K, committed 44160K, reserved 1114112K
  class space    used 5650K, committed 6208K, reserved 1048576K
}
Event: 4.549 GC heap after
{Heap after GC invocations=9 (full 0):
 garbage-first heap   total 73728K, used 28016K [0x0000000700000000, 0x0000000800000000)
  region size 2048K, 3 young (6144K), 3 survivors (6144K)
 Metaspace       used 43055K, committed 44160K, reserved 1114112K
  class space    used 5650K, committed 6208K, reserved 1048576K
}
Event: 4.862 GC heap before
{Heap before GC invocations=9 (full 0):
 garbage-first heap   total 73728K, used 62832K [0x0000000700000000, 0x0000000800000000)
  region size 2048K, 19 young (38912K), 3 survivors (6144K)
 Metaspace       used 45473K, committed 46592K, reserved 1114112K
  class space    used 5925K, committed 6464K, reserved 1048576K
}
Event: 4.867 GC heap after
{Heap after GC invocations=10 (full 0):
 garbage-first heap   total 75776K, used 31272K [0x0000000700000000, 0x0000000800000000)
  region size 2048K, 2 young (4096K), 2 survivors (4096K)
 Metaspace       used 45473K, committed 46592K, reserved 1114112K
  class space    used 5925K, committed 6464K, reserved 1048576K
}
Event: 5.213 GC heap before
{Heap before GC invocations=10 (full 0):
 garbage-first heap   total 75776K, used 64040K [0x0000000700000000, 0x0000000800000000)
  region size 2048K, 18 young (36864K), 2 survivors (4096K)
 Metaspace       used 47803K, committed 49152K, reserved 1114112K
  class space    used 6301K, committed 6976K, reserved 1048576K
}
Event: 5.217 GC heap after
{Heap after GC invocations=11 (full 0):
 garbage-first heap   total 75776K, used 33226K [0x0000000700000000, 0x0000000800000000)
  region size 2048K, 3 young (6144K), 3 survivors (6144K)
 Metaspace       used 47803K, committed 49152K, reserved 1114112K
  class space    used 6301K, committed 6976K, reserved 1048576K
}
Event: 5.675 GC heap before
{Heap before GC invocations=11 (full 0):
 garbage-first heap   total 75776K, used 59850K [0x0000000700000000, 0x0000000800000000)
  region size 2048K, 17 young (34816K), 3 survivors (6144K)
 Metaspace       used 51077K, committed 52480K, reserved 1114112K
  class space    used 6740K, committed 7424K, reserved 1048576K
}
Event: 5.679 GC heap after
{Heap after GC invocations=12 (full 0):
 garbage-first heap   total 75776K, used 34859K [0x0000000700000000, 0x0000000800000000)
  region size 2048K, 2 young (4096K), 2 survivors (4096K)
 Metaspace       used 51077K, committed 52480K, reserved 1114112K
  class space    used 6740K, committed 7424K, reserved 1048576K
}
Event: 6.083 GC heap before
{Heap before GC invocations=12 (full 0):
 garbage-first heap   total 75776K, used 63531K [0x0000000700000000, 0x0000000800000000)
  region size 2048K, 16 young (32768K), 2 survivors (4096K)
 Metaspace       used 54407K, committed 55936K, reserved 1114112K
  class space    used 7303K, committed 8064K, reserved 1048576K
}
Event: 6.087 GC heap after
{Heap after GC invocations=13 (full 0):
 garbage-first heap   total 75776K, used 36347K [0x0000000700000000, 0x0000000800000000)
  region size 2048K, 2 young (4096K), 2 survivors (4096K)
 Metaspace       used 54407K, committed 55936K, reserved 1114112K
  class space    used 7303K, committed 8064K, reserved 1048576K
}
Event: 6.518 GC heap before
{Heap before GC invocations=13 (full 0):
 garbage-first heap   total 75776K, used 62971K [0x0000000700000000, 0x0000000800000000)
  region size 2048K, 15 young (30720K), 2 survivors (4096K)
 Metaspace       used 58319K, committed 59904K, reserved 1114112K
  class space    used 7895K, committed 8704K, reserved 1048576K
}
Event: 6.522 GC heap after
{Heap after GC invocations=14 (full 0):
 garbage-first heap   total 75776K, used 37637K [0x0000000700000000, 0x0000000800000000)
  region size 2048K, 2 young (4096K), 2 survivors (4096K)
 Metaspace       used 58319K, committed 59904K, reserved 1114112K
  class space    used 7895K, committed 8704K, reserved 1048576K
}
Event: 6.913 GC heap before
{Heap before GC invocations=15 (full 0):
 garbage-first heap   total 75776K, used 62213K [0x0000000700000000, 0x0000000800000000)
  region size 2048K, 14 young (28672K), 2 survivors (4096K)
 Metaspace       used 61048K, committed 62720K, reserved 1114112K
  class space    used 8317K, committed 9152K, reserved 1048576K
}
Event: 6.917 GC heap after
{Heap after GC invocations=16 (full 0):
 garbage-first heap   total 92160K, used 39004K [0x0000000700000000, 0x0000000800000000)
  region size 2048K, 2 young (4096K), 2 survivors (4096K)
 Metaspace       used 61048K, committed 62720K, reserved 1114112K
  class space    used 8317K, committed 9152K, reserved 1048576K
}
Event: 7.570 GC heap before
{Heap before GC invocations=16 (full 0):
 garbage-first heap   total 92160K, used 77916K [0x0000000700000000, 0x0000000800000000)
  region size 2048K, 22 young (45056K), 2 survivors (4096K)
 Metaspace       used 66000K, committed 67648K, reserved 1114112K
  class space    used 8967K, committed 9792K, reserved 1048576K
}
Event: 7.575 GC heap after
{Heap after GC invocations=17 (full 0):
 garbage-first heap   total 92160K, used 39899K [0x0000000700000000, 0x0000000800000000)
  region size 2048K, 3 young (6144K), 3 survivors (6144K)
 Metaspace       used 66000K, committed 67648K, reserved 1114112K
  class space    used 8967K, committed 9792K, reserved 1048576K
}
Event: 8.069 GC heap before
{Heap before GC invocations=17 (full 0):
 garbage-first heap   total 92160K, used 76763K [0x0000000700000000, 0x0000000800000000)
  region size 2048K, 21 young (43008K), 3 survivors (6144K)
 Metaspace       used 70178K, committed 71872K, reserved 1114112K
  class space    used 9626K, committed 10432K, reserved 1048576K
}
Event: 8.074 GC heap after
{Heap after GC invocations=18 (full 0):
 garbage-first heap   total 92160K, used 42014K [0x0000000700000000, 0x0000000800000000)
  region size 2048K, 3 young (6144K), 3 survivors (6144K)
 Metaspace       used 70178K, committed 71872K, reserved 1114112K
  class space    used 9626K, committed 10432K, reserved 1048576K
}

